<?xml version="1.0" encoding="UTF-8"?>
<testsuites tests="47" failures="0" disabled="0" errors="0" time="0.011" timestamp="2026-01-16T20:26:01.808" name="AllTests">
  <testsuite name="NxDeviceRegistryTest" tests="8" failures="0" disabled="0" skipped="0" errors="0" time="0.001" timestamp="2026-01-16T20:26:01.809">
    <testcase name="Find_NullName" file="D:\code\nexus\nexus\tests\hal\test_nx_device_registry.cpp" line="191" status="run" result="completed" time="0." timestamp="2026-01-16T20:26:01.809" classname="NxDeviceRegistryTest" />
    <testcase name="Find_NotFound" file="D:\code\nexus\nexus\tests\hal\test_nx_device_registry.cpp" line="199" status="run" result="completed" time="0." timestamp="2026-01-16T20:26:01.809" classname="NxDeviceRegistryTest" />
    <testcase name="Count_ReturnsCorrectValue" file="D:\code\nexus\nexus\tests\hal\test_nx_device_registry.cpp" line="211" status="run" result="completed" time="0." timestamp="2026-01-16T20:26:01.809" classname="NxDeviceRegistryTest" />
    <testcase name="Get_OutOfBounds" file="D:\code\nexus\nexus\tests\hal\test_nx_device_registry.cpp" line="226" status="run" result="completed" time="0." timestamp="2026-01-16T20:26:01.809" classname="NxDeviceRegistryTest" />
    <testcase name="Get_VeryLargeIndex" file="D:\code\nexus\nexus\tests\hal\test_nx_device_registry.cpp" line="235" status="run" result="completed" time="0." timestamp="2026-01-16T20:26:01.809" classname="NxDeviceRegistryTest" />
    <testcase name="InitAll_EmptyRegistry" file="D:\code\nexus\nexus\tests\hal\test_nx_device_registry.cpp" line="247" status="run" result="completed" time="0." timestamp="2026-01-16T20:26:01.810" classname="NxDeviceRegistryTest" />
    <testcase name="CountAndGet_Consistent" file="D:\code\nexus\nexus\tests\hal\test_nx_device_registry.cpp" line="261" status="run" result="completed" time="0." timestamp="2026-01-16T20:26:01.810" classname="NxDeviceRegistryTest" />
    <testcase name="FindAndGet_Consistent" file="D:\code\nexus\nexus\tests\hal\test_nx_device_registry.cpp" line="279" status="run" result="completed" time="0." timestamp="2026-01-16T20:26:01.810" classname="NxDeviceRegistryTest" />
  </testsuite>
  <testsuite name="NxDeviceRegistryPropertiesTest" tests="13" failures="0" disabled="0" skipped="0" errors="0" time="0.002" timestamp="2026-01-16T20:26:01.811">
    <testcase name="Property3_IterationCompleteness" file="D:\code\nexus\nexus\tests\hal\test_nx_device_registry_properties.cpp" line="58" status="run" result="completed" time="0." timestamp="2026-01-16T20:26:01.811" classname="NxDeviceRegistryPropertiesTest" />
    <testcase name="Property3_CountMatchesIteration" file="D:\code\nexus\nexus\tests\hal\test_nx_device_registry_properties.cpp" line="89" status="run" result="completed" time="0." timestamp="2026-01-16T20:26:01.811" classname="NxDeviceRegistryPropertiesTest" />
    <testcase name="Property3_NoDuplicates" file="D:\code\nexus\nexus\tests\hal\test_nx_device_registry_properties.cpp" line="114" status="run" result="completed" time="0." timestamp="2026-01-16T20:26:01.812" classname="NxDeviceRegistryPropertiesTest" />
    <testcase name="Property3_DeterministicOrder" file="D:\code\nexus\nexus\tests\hal\test_nx_device_registry_properties.cpp" line="142" status="run" result="completed" time="0." timestamp="2026-01-16T20:26:01.812" classname="NxDeviceRegistryPropertiesTest" />
    <testcase name="Property4_FindReturnsCorrectDevice" file="D:\code\nexus\nexus\tests\hal\test_nx_device_registry_properties.cpp" line="178" status="run" result="completed" time="0." timestamp="2026-01-16T20:26:01.812" classname="NxDeviceRegistryPropertiesTest" />
    <testcase name="Property4_FindReturnsNullForNonExistent" file="D:\code\nexus\nexus\tests\hal\test_nx_device_registry_properties.cpp" line="204" status="run" result="completed" time="0." timestamp="2026-01-16T20:26:01.812" classname="NxDeviceRegistryPropertiesTest" />
    <testcase name="Property4_FindNullReturnsNull" file="D:\code\nexus\nexus\tests\hal\test_nx_device_registry_properties.cpp" line="229" status="run" result="completed" time="0." timestamp="2026-01-16T20:26:01.812" classname="NxDeviceRegistryPropertiesTest" />
    <testcase name="Property4_FindIsIdempotent" file="D:\code\nexus\nexus\tests\hal\test_nx_device_registry_properties.cpp" line="243" status="run" result="completed" time="0." timestamp="2026-01-16T20:26:01.813" classname="NxDeviceRegistryPropertiesTest" />
    <testcase name="Property4_UniqueNames" file="D:\code\nexus\nexus\tests\hal\test_nx_device_registry_properties.cpp" line="269" status="run" result="completed" time="0." timestamp="2026-01-16T20:26:01.813" classname="NxDeviceRegistryPropertiesTest" />
    <testcase name="Property6_DeviceAlignment" file="D:\code\nexus\nexus\tests\hal\test_nx_device_registry_properties.cpp" line="297" status="run" result="completed" time="0." timestamp="2026-01-16T20:26:01.813" classname="NxDeviceRegistryPropertiesTest" />
    <testcase name="Property6_StructureSizeAligned" file="D:\code\nexus\nexus\tests\hal\test_nx_device_registry_properties.cpp" line="323" status="run" result="completed" time="0." timestamp="2026-01-16T20:26:01.813" classname="NxDeviceRegistryPropertiesTest" />
    <testcase name="GetAndCountConsistent" file="D:\code\nexus\nexus\tests\hal\test_nx_device_registry_properties.cpp" line="346" status="run" result="completed" time="0." timestamp="2026-01-16T20:26:01.814" classname="NxDeviceRegistryPropertiesTest" />
    <testcase name="CountIsStable" file="D:\code\nexus\nexus\tests\hal\test_nx_device_registry_properties.cpp" line="371" status="run" result="completed" time="0." timestamp="2026-01-16T20:26:01.814" classname="NxDeviceRegistryPropertiesTest" />
  </testsuite>
  <testsuite name="NxInitTest" tests="12" failures="0" disabled="0" skipped="0" errors="0" time="0.002" timestamp="2026-01-16T20:26:01.814">
    <testcase name="InitRun_Success" file="D:\code\nexus\nexus\tests\init\test_nx_init.cpp" line="102" status="run" result="completed" time="0." timestamp="2026-01-16T20:26:01.814" classname="NxInitTest" />
    <testcase name="InitRun_Idempotent" file="D:\code\nexus\nexus\tests\init\test_nx_init.cpp" line="119" status="run" result="completed" time="0." timestamp="2026-01-16T20:26:01.814" classname="NxInitTest" />
    <testcase name="GetStats_NullPointer" file="D:\code\nexus\nexus\tests\init\test_nx_init.cpp" line="133" status="run" result="completed" time="0." timestamp="2026-01-16T20:26:01.815" classname="NxInitTest" />
    <testcase name="GetStats_ValidPointer" file="D:\code\nexus\nexus\tests\init\test_nx_init.cpp" line="141" status="run" result="completed" time="0." timestamp="2026-01-16T20:26:01.815" classname="NxInitTest" />
    <testcase name="IsComplete_AfterSuccessfulInit" file="D:\code\nexus\nexus\tests\init\test_nx_init.cpp" line="158" status="run" result="completed" time="0." timestamp="2026-01-16T20:26:01.815" classname="NxInitTest" />
    <testcase name="Stats_InitialState" file="D:\code\nexus\nexus\tests\init\test_nx_init.cpp" line="178" status="run" result="completed" time="0." timestamp="2026-01-16T20:26:01.815" classname="NxInitTest" />
    <testcase name="Stats_ConsistencyProperty" file="D:\code\nexus\nexus\tests\init\test_nx_init.cpp" line="197" status="run" result="completed" time="0." timestamp="2026-01-16T20:26:01.815" classname="NxInitTest" />
    <testcase name="Stats_CompleteMatchesFailCount" file="D:\code\nexus\nexus\tests\init\test_nx_init.cpp" line="215" status="run" result="completed" time="0." timestamp="2026-01-16T20:26:01.815" classname="NxInitTest" />
    <testcase name="RunLevel_InvalidLevel" file="D:\code\nexus\nexus\tests\init\test_nx_init.cpp" line="242" status="run" result="completed" time="0." timestamp="2026-01-16T20:26:01.816" classname="NxInitTest" />
    <testcase name="RunLevel_ValidLevels" file="D:\code\nexus\nexus\tests\init\test_nx_init.cpp" line="253" status="run" result="completed" time="0." timestamp="2026-01-16T20:26:01.816" classname="NxInitTest" />
    <testcase name="BoundaryMarkers_Registered" file="D:\code\nexus\nexus\tests\init\test_nx_init.cpp" line="275" status="run" result="completed" time="0." timestamp="2026-01-16T20:26:01.816" classname="NxInitTest" />
    <testcase name="ErrorHandling_ContinueAfterError" file="D:\code\nexus\nexus\tests\init\test_nx_init.cpp" line="297" status="run" result="completed" time="0." timestamp="2026-01-16T20:26:01.816" classname="NxInitTest" />
  </testsuite>
  <testsuite name="NxInitPropertiesTest" tests="14" failures="0" disabled="0" skipped="0" errors="0" time="0.002" timestamp="2026-01-16T20:26:01.817">
    <testcase name="Property1_InitLevelOrderPreservation" file="D:\code\nexus\nexus\tests\init\test_nx_init_properties.cpp" line="57" status="run" result="completed" time="0." timestamp="2026-01-16T20:26:01.817" classname="NxInitPropertiesTest" />
    <testcase name="Property1_LevelEnumOrdering" file="D:\code\nexus\nexus\tests\init\test_nx_init_properties.cpp" line="87" status="run" result="completed" time="0." timestamp="2026-01-16T20:26:01.817" classname="NxInitPropertiesTest" />
    <testcase name="Property1_AllLevelsValid" file="D:\code\nexus\nexus\tests\init\test_nx_init_properties.cpp" line="112" status="run" result="completed" time="0." timestamp="2026-01-16T20:26:01.817" classname="NxInitPropertiesTest" />
    <testcase name="Property1_InvalidLevelsRejected" file="D:\code\nexus\nexus\tests\init\test_nx_init_properties.cpp" line="136" status="run" result="completed" time="0." timestamp="2026-01-16T20:26:01.817" classname="NxInitPropertiesTest" />
    <testcase name="Property2_ErrorContinuation" file="D:\code\nexus\nexus\tests\init\test_nx_init_properties.cpp" line="170" status="run" result="completed" time="0." timestamp="2026-01-16T20:26:01.817" classname="NxInitPropertiesTest" />
    <testcase name="Property2_ErrorStatsUpdated" file="D:\code\nexus\nexus\tests\init\test_nx_init_properties.cpp" line="197" status="run" result="completed" time="0." timestamp="2026-01-16T20:26:01.818" classname="NxInitPropertiesTest" />
    <testcase name="Property2_AllFunctionsExecuted" file="D:\code\nexus\nexus\tests\init\test_nx_init_properties.cpp" line="226" status="run" result="completed" time="0." timestamp="2026-01-16T20:26:01.818" classname="NxInitPropertiesTest" />
    <testcase name="Property2_MultipleErrorsTracked" file="D:\code\nexus\nexus\tests\init\test_nx_init_properties.cpp" line="250" status="run" result="completed" time="0." timestamp="2026-01-16T20:26:01.818" classname="NxInitPropertiesTest" />
    <testcase name="Property5_StatsConsistency" file="D:\code\nexus\nexus\tests\init\test_nx_init_properties.cpp" line="281" status="run" result="completed" time="0." timestamp="2026-01-16T20:26:01.818" classname="NxInitPropertiesTest" />
    <testcase name="Property5_CompletionMatchesFailCount" file="D:\code\nexus\nexus\tests\init\test_nx_init_properties.cpp" line="302" status="run" result="completed" time="0." timestamp="2026-01-16T20:26:01.818" classname="NxInitPropertiesTest" />
    <testcase name="Property5_StatsNonNegative" file="D:\code\nexus\nexus\tests\init\test_nx_init_properties.cpp" line="330" status="run" result="completed" time="0." timestamp="2026-01-16T20:26:01.818" classname="NxInitPropertiesTest" />
    <testcase name="Property5_CountsBounded" file="D:\code\nexus\nexus\tests\init\test_nx_init_properties.cpp" line="352" status="run" result="completed" time="0." timestamp="2026-01-16T20:26:01.819" classname="NxInitPropertiesTest" />
    <testcase name="Property5_StatsIdempotent" file="D:\code\nexus\nexus\tests\init\test_nx_init_properties.cpp" line="376" status="run" result="completed" time="0." timestamp="2026-01-16T20:26:01.819" classname="NxInitPropertiesTest" />
    <testcase name="Property5_ReturnValueMatchesStats" file="D:\code\nexus\nexus\tests\init\test_nx_init_properties.cpp" line="402" status="run" result="completed" time="0." timestamp="2026-01-16T20:26:01.819" classname="NxInitPropertiesTest" />
  </testsuite>
</testsuites>
