<?xml version='1.0' encoding='utf-8'?>
<testsuites tests="0" failures="0" skipped="0" time="0.000" timestamp="2026-01-19T23:25:55.006352">
  <testsuite name="unit_tests" tests="0" failures="0" skipped="0" time="0.000" timestamp="2026-01-19T23:25:55.006359" />
  <testsuite name="property_tests" tests="0" failures="0" skipped="0" time="0.000" timestamp="2026-01-19T23:25:55.006365" />
  <testsuite name="integration_tests" tests="0" failures="0" skipped="0" time="0.000" timestamp="2026-01-19T23:25:55.006370" />
</testsuites>